{
  "test_run_timestamp": "20250921_222941",
  "total_suites": 6,
  "passed_suites": 1,
  "failed_suites": 5,
  "error_suites": 0,
  "timeout_suites": 0,
  "success_rate": 16.666666666666664,
  "total_duration": 371.51738595962524,
  "results": {
    "health_check": {
      "status": "failed",
      "duration": 85.24337840080261,
      "stdout": "..FE                                                                     [100%]\n==================================== ERRORS ====================================\n____ ERROR at setup of TestHealthCheck.test_main_navigation_tabs[chromium] _____\nconftest.py:80: in authenticated_admin_page\n    login_as_admin(page)\nconftest.py:119: in login_as_admin\n    iframe_locator.locator('text=\"Search Parameters\"').wait_for(timeout=10000)\n/home/vscode/.local/lib/python3.11/site-packages/playwright/sync_api/_generated.py:17975: in wait_for\n    self._sync(self._impl_obj.wait_for(timeout=timeout, state=state))\n/home/vscode/.local/lib/python3.11/site-packages/playwright/_impl/_locator.py:692: in wait_for\n    await self._frame.wait_for_selector(\n/home/vscode/.local/lib/python3.11/site-packages/playwright/_impl/_frame.py:369: in wait_for_selector\n    await self._channel.send(\n/home/vscode/.local/lib/python3.11/site-packages/playwright/_impl/_connection.py:69: in send\n    return await self._connection.wrap_api_call(\n/home/vscode/.local/lib/python3.11/site-packages/playwright/_impl/_connection.py:558: in wrap_api_call\n    raise rewrite_error(error, f\"{parsed_st['apiName']}: {error}\") from None\nE   playwright._impl._errors.TimeoutError: Locator.wait_for: Timeout 10000ms exceeded.\nE   Call log:\nE     - waiting for locator(\"iframe[title=\\\"streamlitApp\\\"]\").content_frame.locator(\"text=\\\"Search Parameters\\\"\") to be visible\n=================================== FAILURES ===================================\n_______________ TestHealthCheck.test_admin_login_works[chromium] _______________\ntest_health_check.py:118: in test_admin_login_works\n    iframe_locator.locator('text=\"Search Parameters\"').wait_for(timeout=20000)\n/home/vscode/.local/lib/python3.11/site-packages/playwright/sync_api/_generated.py:17975: in wait_for\n    self._sync(self._impl_obj.wait_for(timeout=timeout, state=state))\n/home/vscode/.local/lib/python3.11/site-packages/playwright/_impl/_locator.py:692: in wait_for\n    await self._frame.wait_for_selector(\n/home/vscode/.local/lib/python3.11/site-packages/playwright/_impl/_frame.py:369: in wait_for_selector\n    await self._channel.send(\n/home/vscode/.local/lib/python3.11/site-packages/playwright/_impl/_connection.py:69: in send\n    return await self._connection.wrap_api_call(\n/home/vscode/.local/lib/python3.11/site-packages/playwright/_impl/_connection.py:558: in wrap_api_call\n    raise rewrite_error(error, f\"{parsed_st['apiName']}: {error}\") from None\nE   playwright._impl._errors.TimeoutError: Locator.wait_for: Timeout 20000ms exceeded.\nE   Call log:\nE     - waiting for locator(\"iframe[title=\\\"streamlitApp\\\"]\").content_frame.locator(\"text=\\\"Search Parameters\\\"\") to be visible\n- generated xml file: /workspaces/freeworld-success-coach-portal/tests/playwright/reports/health_check_results.xml -\n=========================== short test summary info ============================\nFAILED test_health_check.py::TestHealthCheck::test_admin_login_works[chromium]\nERROR test_health_check.py::TestHealthCheck::test_main_navigation_tabs[chromium]\n1 failed, 2 passed, 1 error in 84.27s (0:01:24)\n",
      "stderr": "",
      "returncode": 1
    },
    "search_paths": {
      "status": "failed",
      "duration": 136.50609755516052,
      "stdout": "EEEEEE                                                                   [100%]\n==================================== ERRORS ====================================\n_ ERROR at setup of TestSearchPaths.test_memory_only_cdl_traditional[chromium] _\nconftest.py:80: in authenticated_admin_page\n    login_as_admin(page)\nconftest.py:119: in login_as_admin\n    iframe_locator.locator('text=\"Search Parameters\"').wait_for(timeout=10000)\n/home/vscode/.local/lib/python3.11/site-packages/playwright/sync_api/_generated.py:17975: in wait_for\n    self._sync(self._impl_obj.wait_for(timeout=timeout, state=state))\n/home/vscode/.local/lib/python3.11/site-packages/playwright/_impl/_locator.py:692: in wait_for\n    await self._frame.wait_for_selector(\n/home/vscode/.local/lib/python3.11/site-packages/playwright/_impl/_frame.py:369: in wait_for_selector\n    await self._channel.send(\n/home/vscode/.local/lib/python3.11/site-packages/playwright/_impl/_connection.py:69: in send\n    return await self._connection.wrap_api_call(\n/home/vscode/.local/lib/python3.11/site-packages/playwright/_impl/_connection.py:558: in wrap_api_call\n    raise rewrite_error(error, f\"{parsed_st['apiName']}: {error}\") from None\nE   playwright._impl._errors.TimeoutError: Locator.wait_for: Timeout 10000ms exceeded.\nE   Call log:\nE     - waiting for locator(\"iframe[title=\\\"streamlitApp\\\"]\").content_frame.locator(\"text=\\\"Search Parameters\\\"\") to be visible\n_ ERROR at setup of TestSearchPaths.test_memory_only_career_pathways[chromium] _\nconftest.py:80: in authenticated_admin_page\n    login_as_admin(page)\nconftest.py:119: in login_as_admin\n    iframe_locator.locator('text=\"Search Parameters\"').wait_for(timeout=10000)\n/home/vscode/.local/lib/python3.11/site-packages/playwright/sync_api/_generated.py:17975: in wait_for\n    self._sync(self._impl_obj.wait_for(timeout=timeout, state=state))\n/home/vscode/.local/lib/python3.11/site-packages/playwright/_impl/_locator.py:692: in wait_for\n    await self._frame.wait_for_selector(\n/home/vscode/.local/lib/python3.11/site-packages/playwright/_impl/_frame.py:369: in wait_for_selector\n    await self._channel.send(\n/home/vscode/.local/lib/python3.11/site-packages/playwright/_impl/_connection.py:69: in send\n    return await self._connection.wrap_api_call(\n/home/vscode/.local/lib/python3.11/site-packages/playwright/_impl/_connection.py:558: in wrap_api_call\n    raise rewrite_error(error, f\"{parsed_st['apiName']}: {error}\") from None\nE   playwright._impl._errors.TimeoutError: Locator.wait_for: Timeout 10000ms exceeded.\nE   Call log:\nE     - waiting for locator(\"iframe[title=\\\"streamlitApp\\\"]\").content_frame.locator(\"text=\\\"Search Parameters\\\"\") to be visible\n_ ERROR at setup of TestSearchPaths.test_indeed_fresh_cdl_traditional[chromium] _\nconftest.py:80: in authenticated_admin_page\n    login_as_admin(page)\nconftest.py:119: in login_as_admin\n    iframe_locator.locator('text=\"Search Parameters\"').wait_for(timeout=10000)\n/home/vscode/.local/lib/python3.11/site-packages/playwright/sync_api/_generated.py:17975: in wait_for\n    self._sync(self._impl_obj.wait_for(timeout=timeout, state=state))\n/home/vscode/.local/lib/python3.11/site-packages/playwright/_impl/_locator.py:692: in wait_for\n    await self._frame.wait_for_selector(\n/home/vscode/.local/lib/python3.11/site-packages/playwright/_impl/_frame.py:369: in wait_for_selector\n    await self._channel.send(\n/home/vscode/.local/lib/python3.11/site-packages/playwright/_impl/_connection.py:69: in send\n    return await self._connection.wrap_api_call(\n/home/vscode/.local/lib/python3.11/site-packages/playwright/_impl/_connection.py:558: in wrap_api_call\n    raise rewrite_error(error, f\"{parsed_st['apiName']}: {error}\") from None\nE   playwright._impl._errors.TimeoutError: Locator.wait_for: Timeout 10000ms exceeded.\nE   Call log:\nE     - waiting for locator(\"iframe[title=\\\"streamlitApp\\\"]\").content_frame.locator(\"text=\\\"Search Parameters\\\"\") to be visible\n_ ERROR at setup of TestSearchPaths.test_indeed_fresh_career_pathways[chromium] _\nconftest.py:80: in authenticated_admin_page\n    login_as_admin(page)\nconftest.py:119: in login_as_admin\n    iframe_locator.locator('text=\"Search Parameters\"').wait_for(timeout=10000)\n/home/vscode/.local/lib/python3.11/site-packages/playwright/sync_api/_generated.py:17975: in wait_for\n    self._sync(self._impl_obj.wait_for(timeout=timeout, state=state))\n/home/vscode/.local/lib/python3.11/site-packages/playwright/_impl/_locator.py:692: in wait_for\n    await self._frame.wait_for_selector(\n/home/vscode/.local/lib/python3.11/site-packages/playwright/_impl/_frame.py:369: in wait_for_selector\n    await self._channel.send(\n/home/vscode/.local/lib/python3.11/site-packages/playwright/_impl/_connection.py:69: in send\n    return await self._connection.wrap_api_call(\n/home/vscode/.local/lib/python3.11/site-packages/playwright/_impl/_connection.py:558: in wrap_api_call\n    raise rewrite_error(error, f\"{parsed_st['apiName']}: {error}\") from None\nE   playwright._impl._errors.TimeoutError: Locator.wait_for: Timeout 10000ms exceeded.\nE   Call log:\nE     - waiting for locator(\"iframe[title=\\\"streamlitApp\\\"]\").content_frame.locator(\"text=\\\"Search Parameters\\\"\") to be visible\n_ ERROR at setup of TestSearchPaths.test_multiple_search_terms_indeed_fresh[chromium] _\nconftest.py:80: in authenticated_admin_page\n    login_as_admin(page)\nconftest.py:119: in login_as_admin\n    iframe_locator.locator('text=\"Search Parameters\"').wait_for(timeout=10000)\n/home/vscode/.local/lib/python3.11/site-packages/playwright/sync_api/_generated.py:17975: in wait_for\n    self._sync(self._impl_obj.wait_for(timeout=timeout, state=state))\n/home/vscode/.local/lib/python3.11/site-packages/playwright/_impl/_locator.py:692: in wait_for\n    await self._frame.wait_for_selector(\n/home/vscode/.local/lib/python3.11/site-packages/playwright/_impl/_frame.py:369: in wait_for_selector\n    await self._channel.send(\n/home/vscode/.local/lib/python3.11/site-packages/playwright/_impl/_connection.py:69: in send\n    return await self._connection.wrap_api_call(\n/home/vscode/.local/lib/python3.11/site-packages/playwright/_impl/_connection.py:558: in wrap_api_call\n    raise rewrite_error(error, f\"{parsed_st['apiName']}: {error}\") from None\nE   playwright._impl._errors.TimeoutError: Locator.wait_for: Timeout 10000ms exceeded.\nE   Call log:\nE     - waiting for locator(\"iframe[title=\\\"streamlitApp\\\"]\").content_frame.locator(\"text=\\\"Search Parameters\\\"\") to be visible\n_____ ERROR at setup of TestSearchPaths.test_filter_combinations[chromium] _____\nconftest.py:80: in authenticated_admin_page\n    login_as_admin(page)\nconftest.py:119: in login_as_admin\n    iframe_locator.locator('text=\"Search Parameters\"').wait_for(timeout=10000)\n/home/vscode/.local/lib/python3.11/site-packages/playwright/sync_api/_generated.py:17975: in wait_for\n    self._sync(self._impl_obj.wait_for(timeout=timeout, state=state))\n/home/vscode/.local/lib/python3.11/site-packages/playwright/_impl/_locator.py:692: in wait_for\n    await self._frame.wait_for_selector(\n/home/vscode/.local/lib/python3.11/site-packages/playwright/_impl/_frame.py:369: in wait_for_selector\n    await self._channel.send(\n/home/vscode/.local/lib/python3.11/site-packages/playwright/_impl/_connection.py:69: in send\n    return await self._connection.wrap_api_call(\n/home/vscode/.local/lib/python3.11/site-packages/playwright/_impl/_connection.py:558: in wrap_api_call\n    raise rewrite_error(error, f\"{parsed_st['apiName']}: {error}\") from None\nE   playwright._impl._errors.TimeoutError: Locator.wait_for: Timeout 10000ms exceeded.\nE   Call log:\nE     - waiting for locator(\"iframe[title=\\\"streamlitApp\\\"]\").content_frame.locator(\"text=\\\"Search Parameters\\\"\") to be visible\n- generated xml file: /workspaces/freeworld-success-coach-portal/tests/playwright/reports/search_paths_results.xml -\n=========================== short test summary info ============================\nERROR test_search_paths.py::TestSearchPaths::test_memory_only_cdl_traditional[chromium]\nERROR test_search_paths.py::TestSearchPaths::test_memory_only_career_pathways[chromium]\nERROR test_search_paths.py::TestSearchPaths::test_indeed_fresh_cdl_traditional[chromium]\nERROR test_search_paths.py::TestSearchPaths::test_indeed_fresh_career_pathways[chromium]\nERROR test_search_paths.py::TestSearchPaths::test_multiple_search_terms_indeed_fresh[chromium]\nERROR test_search_paths.py::TestSearchPaths::test_filter_combinations[chromium]\n6 errors in 135.57s (0:02:15)\n",
      "stderr": "",
      "returncode": 1
    },
    "classification": {
      "status": "failed",
      "duration": 0.5431580543518066,
      "stdout": "\n==================================== ERRORS ====================================\n_______________ ERROR collecting test_classification_accuracy.py _______________\nImportError while importing test module '/workspaces/freeworld-success-coach-portal/tests/playwright/test_classification_accuracy.py'.\nHint: make sure your test modules/packages have valid Python names.\nTraceback:\n/usr/local/lib/python3.11/importlib/__init__.py:126: in import_module\n    return _bootstrap._gcd_import(name[level:], package, level)\n           ^^^^^^^^^^^^^^^^^^^^^^^^^^^^^^^^^^^^^^^^^^^^^^^^^^^^\ntest_classification_accuracy.py:10: in <module>\n    from conftest import (\nE   ImportError: cannot import name 'TestDataCollector' from 'conftest' (/workspaces/freeworld-success-coach-portal/tests/playwright/conftest.py)\n- generated xml file: /workspaces/freeworld-success-coach-portal/tests/playwright/reports/classification_results.xml -\n=========================== short test summary info ============================\nERROR test_classification_accuracy.py\n!!!!!!!!!!!!!!!!!!!! Interrupted: 1 error during collection !!!!!!!!!!!!!!!!!!!!\n1 error in 0.13s\n",
      "stderr": "",
      "returncode": 2
    },
    "scheduled_search": {
      "status": "failed",
      "duration": 0.5155293941497803,
      "stdout": "\n==================================== ERRORS ====================================\n__________________ ERROR collecting test_scheduled_search.py ___________________\nImportError while importing test module '/workspaces/freeworld-success-coach-portal/tests/playwright/test_scheduled_search.py'.\nHint: make sure your test modules/packages have valid Python names.\nTraceback:\n/usr/local/lib/python3.11/importlib/__init__.py:126: in import_module\n    return _bootstrap._gcd_import(name[level:], package, level)\n           ^^^^^^^^^^^^^^^^^^^^^^^^^^^^^^^^^^^^^^^^^^^^^^^^^^^^\ntest_scheduled_search.py:10: in <module>\n    from conftest import (\nE   ImportError: cannot import name 'TestDataCollector' from 'conftest' (/workspaces/freeworld-success-coach-portal/tests/playwright/conftest.py)\n- generated xml file: /workspaces/freeworld-success-coach-portal/tests/playwright/reports/scheduled_search_results.xml -\n=========================== short test summary info ============================\nERROR test_scheduled_search.py\n!!!!!!!!!!!!!!!!!!!! Interrupted: 1 error during collection !!!!!!!!!!!!!!!!!!!!\n1 error in 0.12s\n",
      "stderr": "",
      "returncode": 2
    },
    "link_tracking": {
      "status": "failed",
      "duration": 0.5221621990203857,
      "stdout": "\n==================================== ERRORS ====================================\n____________________ ERROR collecting test_link_tracking.py ____________________\nImportError while importing test module '/workspaces/freeworld-success-coach-portal/tests/playwright/test_link_tracking.py'.\nHint: make sure your test modules/packages have valid Python names.\nTraceback:\n/usr/local/lib/python3.11/importlib/__init__.py:126: in import_module\n    return _bootstrap._gcd_import(name[level:], package, level)\n           ^^^^^^^^^^^^^^^^^^^^^^^^^^^^^^^^^^^^^^^^^^^^^^^^^^^^\ntest_link_tracking.py:10: in <module>\n    from conftest import (\nE   ImportError: cannot import name 'TestDataCollector' from 'conftest' (/workspaces/freeworld-success-coach-portal/tests/playwright/conftest.py)\n- generated xml file: /workspaces/freeworld-success-coach-portal/tests/playwright/reports/link_tracking_results.xml -\n=========================== short test summary info ============================\nERROR test_link_tracking.py\n!!!!!!!!!!!!!!!!!!!! Interrupted: 1 error during collection !!!!!!!!!!!!!!!!!!!!\n1 error in 0.12s\n",
      "stderr": "",
      "returncode": 2
    },
    "agent_portal_links": {
      "status": "passed",
      "duration": 148.18706035614014,
      "stdout": "....                                                                     [100%]\n- generated xml file: /workspaces/freeworld-success-coach-portal/tests/playwright/reports/agent_portal_links_results.xml -\n4 passed in 147.74s (0:02:27)\n",
      "stderr": ""
    }
  }
}